[21:01:07.833] [INFO] Storybook upgrade - v10.3.4
[21:01:07.836] [INFO] detect-projects-spinner-start: Detecting projects...
[21:01:07.837] [DEBUG] Finding Storybook projects...
[21:01:08.002] [DEBUG] Found 1 Storybook projects
[21:01:08.005] [INFO] detect-projects-spinner: Detecting projects: 1 projects
[21:01:08.005] [DEBUG] Getting Storybook data...
[21:01:08.005] [DEBUG] Getting Storybook info...
[21:01:08.220] [DEBUG] Loading main config...
[21:01:08.220] [DEBUG] Getting stories paths...
[21:01:08.242] [DEBUG] Getting package manager...
[21:01:09.201] [DEBUG] Getting package.json info for C:/Users/Marko/aisec/apps/frontend/package.json...
[21:01:09.201] [DEBUG] Getting Storybook version...
[21:01:09.201] [DEBUG] Detecting CSF factory usage...
[21:01:09.224] [DEBUG] C:/Users/Marko/aisec/apps/frontend/.storybook - Validating before version... 9.0.18
[21:01:09.224] [DEBUG] C:/Users/Marko/aisec/apps/frontend/.storybook - Validating upgrade compatibility...
[21:01:09.224] [DEBUG] C:/Users/Marko/aisec/apps/frontend/.storybook - Fetching NPM version information...
[21:01:09.224] [DEBUG] Getting CLI versions from NPM for storybook...
[21:01:09.225] [DEBUG] Executing command: npm info storybook version
[21:01:09.246] [DEBUG] Getting CLI versions from NPM for storybook@next...
[21:01:09.246] [DEBUG] Executing command: npm info storybook@next version
[21:01:10.618] [DEBUG] C:/Users/Marko/aisec/apps/frontend/.storybook - Evaluating blockers...
[21:01:10.664] [DEBUG] Getting installed version for @storybook/experimental-addon-test...
[21:01:10.664] [DEBUG] Executing command: npm ls --json --depth=99 2>NUL
[21:01:12.254] [DEBUG] Executing command: npm ls --json --depth=0 2>NUL
[21:01:13.817] [DEBUG] Error finding installations for @storybook/experimental-addon-test: ExecaError: Command failed with exit code 1: npm.cmd ls --json "--depth=0" "2>NUL"

npm error code EINVALIDTAGNAME
npm error Invalid tag name "2>NUL" of package "2>NUL": Tags may not have any characters that encodeURIComponent encodes.
npm error A complete log of this run can be found in: C:\Users\Marko\AppData\Local\npm-cache\_logs\2026-04-02T19_01_12_581Z-debug-0.log

{
  "error": {
    "code": "EINVALIDTAGNAME",
    "summary": "Invalid tag name \"2>NUL\" of package \"2>NUL\": Tags may not have any characters that encodeURIComponent encodes.",
    "detail": ""
  }
}
[21:01:13.817] [DEBUG] No installations found for @storybook/experimental-addon-test
[21:01:13.817] [INFO] detect-projects-spinner-stop: 1 project detected
[21:01:13.818] [DEBUG] Found 1 valid projects and 0 error projects
[21:01:13.818] [INFO] Upgrading from [1m9.0.18[22m to [1m10.3.4[22m
[21:01:13.820] [INFO] upgrade-dependencies-task-start: Fetching versions to update package.json files..
[21:01:13.820] [DEBUG] Updating dependencies in C:/Users/Marko/aisec/apps/frontend/.storybook...
[21:01:13.820] [INFO] upgrade-dependencies-task: C:/Users/Marko/aisec/apps/frontend/package.json
[21:01:13.821] [DEBUG] Using cached package.json for C:\Users\Marko\aisec\apps\frontend\package.json...
[21:01:13.821] [DEBUG] {
  "upgradedDependencies": []
}
[21:01:13.821] [DEBUG] {
  "upgradedDevDependencies": []
}
[21:01:13.821] [DEBUG] {
  "upgradedPeerDependencies": []
}
[21:01:13.821] [DEBUG] Getting package.json info for C:/Users/Marko/aisec/apps/frontend/package.json...
[21:01:13.821] [DEBUG] Using cached package.json for C:\Users\Marko\aisec\apps\frontend\package.json...
[21:01:13.821] [DEBUG] Using cached package.json for C:\Users\Marko\aisec\apps\frontend\package.json...
[21:01:13.822] [DEBUG] Getting package.json info for C:/Users/Marko/aisec/apps/frontend/package.json...
[21:01:13.822] [DEBUG] Using cached package.json for C:\Users\Marko\aisec\apps\frontend\package.json...
[21:01:13.822] [DEBUG] Using cached package.json for C:\Users\Marko\aisec\apps\frontend\package.json...
[21:01:13.822] [DEBUG] Getting package.json info for C:/Users/Marko/aisec/apps/frontend/package.json...
[21:01:13.822] [DEBUG] Using cached package.json for C:\Users\Marko\aisec\apps\frontend\package.json...
[21:01:13.822] [DEBUG] Using cached package.json for C:\Users\Marko\aisec\apps\frontend\package.json...
[21:01:13.823] [INFO] upgrade-dependencies-task-success: Updated package versions in package.json files
[21:01:13.824] [INFO] detect-automigrations-task-start: Detecting automigrations...
[21:01:13.824] [DEBUG] Starting automigration collection across 1 projects and 19 fixes...
[21:01:13.824] [INFO] detect-automigrations-task: Checking automigrations for C:/Users/Marko/aisec/apps/frontend/.storybook...
[21:01:13.825] [DEBUG] Processing project: C:/Users/Marko/aisec/apps/frontend/.storybook
[21:01:13.825] [DEBUG] Checking fix eslintPlugin for project C:/Users/Marko/aisec/apps/frontend/.storybook...
[21:01:13.825] [DEBUG] Using cached package.json for C:\Users\Marko\aisec\apps\frontend\package.json...
[21:01:13.825] [DEBUG] Using cached package.json for C:\Users\Marko\aisec\apps\frontend\package.json...
[21:01:13.828] [DEBUG] Checking fix addon-mdx-gfm-remove for project C:/Users/Marko/aisec/apps/frontend/.storybook...
[21:01:13.828] [DEBUG] Using cached package.json for C:\Users\Marko\aisec\apps\frontend\package.json...
[21:01:13.828] [DEBUG] Checking fix addon-storysource-code-panel for project C:/Users/Marko/aisec/apps/frontend/.storybook...
[21:01:13.828] [DEBUG] Checking fix upgrade-storybook-related-dependencies for project C:/Users/Marko/aisec/apps/frontend/.storybook...
[21:01:13.828] [DEBUG] Checking for incompatible storybook packages...
[21:01:13.828] [DEBUG] Using cached package.json for C:\Users\Marko\aisec\apps\frontend\package.json...
[21:01:13.831] [DEBUG] Using cached package.json for C:\Users\Marko\aisec\apps\frontend\package.json...
[21:01:13.831] [DEBUG] Getting installed version for @nuxtjs/storybook...
[21:01:13.831] [DEBUG] Executing command: npm ls --json --depth=99 2>NUL
[21:01:15.220] [DEBUG] Executing command: npm ls --json --depth=0 2>NUL
[21:01:16.643] [DEBUG] Error finding installations for @nuxtjs/storybook: ExecaError: Command failed with exit code 1: npm.cmd ls --json "--depth=0" "2>NUL"

npm error code EINVALIDTAGNAME
npm error Invalid tag name "2>NUL" of package "2>NUL": Tags may not have any characters that encodeURIComponent encodes.
npm error A complete log of this run can be found in: C:\Users\Marko\AppData\Local\npm-cache\_logs\2026-04-02T19_01_15_536Z-debug-0.log

{
  "error": {
    "code": "EINVALIDTAGNAME",
    "summary": "Invalid tag name \"2>NUL\" of package \"2>NUL\": Tags may not have any characters that encodeURIComponent encodes.",
    "detail": ""
  }
}
[21:01:16.643] [DEBUG] No installations found for @nuxtjs/storybook
[21:01:16.643] [DEBUG] Getting CLI versions from NPM for @nuxtjs/storybook...
[21:01:16.643] [DEBUG] Executing command: npm info @nuxtjs/storybook version
[21:01:18.605] [DEBUG] Checking fix initial-globals for project C:/Users/Marko/aisec/apps/frontend/.storybook...
[21:01:18.612] [DEBUG] Checking fix addon-globals-api for project C:/Users/Marko/aisec/apps/frontend/.storybook...
[21:01:18.617] [DEBUG] Checking fix addon-a11y-addon-test for project C:/Users/Marko/aisec/apps/frontend/.storybook...
[21:01:18.617] [DEBUG] Checking fix consolidated-imports for project C:/Users/Marko/aisec/apps/frontend/.storybook...
[21:01:18.618] [DEBUG] Checking fix addon-experimental-test for project C:/Users/Marko/aisec/apps/frontend/.storybook...
[21:01:18.618] [DEBUG] Using cached installed version for @storybook/experimental-addon-test...
[21:01:18.618] [DEBUG] Checking fix rnstorybook-config for project C:/Users/Marko/aisec/apps/frontend/.storybook...
[21:01:18.618] [DEBUG] Using cached package.json for C:\Users\Marko\aisec\apps\frontend\package.json...
[21:01:18.618] [DEBUG] Checking fix migrate-addon-console for project C:/Users/Marko/aisec/apps/frontend/.storybook...
[21:01:18.619] [DEBUG] Using cached package.json for C:\Users\Marko\aisec\apps\frontend\package.json...
[21:01:18.619] [DEBUG] Checking fix nextjs-to-nextjs-vite for project C:/Users/Marko/aisec/apps/frontend/.storybook...
[21:01:18.619] [DEBUG] Using cached package.json for C:\Users\Marko\aisec\apps\frontend\package.json...
[21:01:18.619] [DEBUG] Checking fix remove-addon-interactions for project C:/Users/Marko/aisec/apps/frontend/.storybook...
[21:01:18.619] [DEBUG] Using cached package.json for C:\Users\Marko\aisec\apps\frontend\package.json...
[21:01:18.619] [DEBUG] Checking fix renderer-to-framework for project C:/Users/Marko/aisec/apps/frontend/.storybook...
[21:01:18.619] [DEBUG] Checking fix remove-essential-addons for project C:/Users/Marko/aisec/apps/frontend/.storybook...
[21:01:18.619] [DEBUG] Using cached package.json for C:\Users\Marko\aisec\apps\frontend\package.json...
[21:01:18.619] [DEBUG] Checking fix addon-a11y-parameters for project C:/Users/Marko/aisec/apps/frontend/.storybook...
[21:01:18.619] [DEBUG] Checking fix remove-docs-autodocs for project C:/Users/Marko/aisec/apps/frontend/.storybook...
[21:01:18.622] [DEBUG] Checking fix wrap-getAbsolutePath for project C:/Users/Marko/aisec/apps/frontend/.storybook...
[21:01:18.628] [DEBUG] Checking fix fix-faux-esm-require for project C:/Users/Marko/aisec/apps/frontend/.storybook...
[21:01:18.629] [INFO] detect-automigrations-task: 
Automigrations detected:
[21:01:18.630] [INFO] detect-automigrations-task-success: No automigrations detected
[21:01:18.631] [DEBUG] Completed automigrations for C:/Users/Marko/aisec/apps/frontend/.storybook
[21:01:18.631] [INFO] Installing dependencies...
[21:01:18.631] [INFO] install-dependencies-spinner-start: Installing dependencies...
[21:01:18.631] [DEBUG] Executing command: npm install --force
[21:01:22.483] [INFO] Installing dependencies...: 
up to date, audited 881 packages in 4s

[21:01:22.483] [INFO] install-dependencies-spinner: Installing dependencies...: up to date, audited 881 p
[21:01:22.483] [INFO] Installing dependencies...: 
188 packages are looking for funding

[21:01:22.483] [INFO] install-dependencies-spinner: Installing dependencies...: 188 packages are looking 
[21:01:22.483] [INFO] Installing dependencies...:   run `npm fund` for details

[21:01:22.483] [INFO] install-dependencies-spinner: Installing dependencies...: run `npm fund` for detail
[21:01:22.511] [INFO] Installing dependencies...: 
6 vulnerabilities (1 moderate, 5 high)

To address issues that do not require attention, run:
  npm audit fix

To address all issues (including breaking changes), run:
  npm audit fix --force

Run `npm audit` for details.

[21:01:22.511] [INFO] install-dependencies-spinner: Installing dependencies...: 6 vulnerabilities (1 mode
[21:01:22.538] [INFO] Dependencies installed
[21:01:22.538] [INFO] install-dependencies-spinner-stop: Dependencies installed
[21:01:22.544] [INFO] Checking the health of your project(s)..
[21:01:22.547] [DEBUG] Using cached package.json for C:\Users\Marko\aisec\apps\frontend\package.json...
[21:01:22.548] [DEBUG] Executing command: npm ls --json --depth=99 2>NUL
[21:01:23.889] [DEBUG] Executing command: npm ls --json --depth=0 2>NUL
[21:01:25.230] [DEBUG] Error finding installations for @storybook/*, storybook: ExecaError: Command failed with exit code 1: npm.cmd ls --json "--depth=0" "2>NUL"

npm error code EINVALIDTAGNAME
npm error Invalid tag name "2>NUL" of package "2>NUL": Tags may not have any characters that encodeURIComponent encodes.
npm error A complete log of this run can be found in: C:\Users\Marko\AppData\Local\npm-cache\_logs\2026-04-02T19_01_24_173Z-debug-0.log

{
  "error": {
    "code": "EINVALIDTAGNAME",
    "summary": "Invalid tag name \"2>NUL\" of package \"2>NUL\": Tags may not have any characters that encodeURIComponent encodes.",
    "detail": ""
  }
}
[21:01:25.231] [WARN] C:/Users/Marko/aisec/apps/frontend/.storybook: 2 issues found
[21:01:25.231] [INFO] The "storybook" package was not found in your package.json.
Installing "storybook" as a direct dev dependency in your package.json is required.
[21:01:25.232] [INFO] You are currently using Storybook [1m10.3.4[22m but you have packages which are incompatible with it:

- @nuxtjs/storybook@9.0.1 which depends on ~9.0.5
 Repo: https://storybook.nuxtjs.org

Please consider updating your packages or contacting the maintainers for compatibility details.

For more details on compatibility guidance, see:
https://github.com/storybookjs/storybook/issues/32836
[21:01:25.234] [INFO] Storybook doctor is complete!
[21:01:25.234] [INFO] You can always recheck the health of your project(s) by running:
[36mnpx storybook doctor[39m
[21:01:25.235] [INFO] [33mYour project(s) have been upgraded successfully, but some issues were found which need your attention, please check Storybook doctor logs above.[39m
[21:01:25.236] [INFO] For a full list of changes, please check our migration guide: [36mhttps://storybook.js.org/docs/releases/migration-guide?ref=upgrade[39m
[21:01:26.151] [INFO] Storybook upgrade completed!